Determining if the pthread_create exist failed with the following output:
Change Dir: /home/fachry/Code/udacity/chase_it/build/CMakeFiles/CMakeTmp

Run Build Command:"/usr/bin/make" "cmTC_60e58/fast"
/usr/bin/make -f CMakeFiles/cmTC_60e58.dir/build.make CMakeFiles/cmTC_60e58.dir/build
make[1]: Entering directory '/home/fachry/Code/udacity/chase_it/build/CMakeFiles/CMakeTmp'
Building C object CMakeFiles/cmTC_60e58.dir/CheckSymbolExists.c.o
/usr/bin/cc     -o CMakeFiles/cmTC_60e58.dir/CheckSymbolExists.c.o   -c /home/fachry/Code/udacity/chase_it/build/CMakeFiles/CMakeTmp/CheckSymbolExists.c
Linking C executable cmTC_60e58
/usr/bin/cmake -E cmake_link_script CMakeFiles/cmTC_60e58.dir/link.txt --verbose=1
/usr/bin/cc       CMakeFiles/cmTC_60e58.dir/CheckSymbolExists.c.o  -o cmTC_60e58 -rdynamic 
CMakeFiles/cmTC_60e58.dir/CheckSymbolExists.c.o: In function `main':
CheckSymbolExists.c:(.text+0x1b): undefined reference to `pthread_create'
collect2: error: ld returned 1 exit status
CMakeFiles/cmTC_60e58.dir/build.make:97: recipe for target 'cmTC_60e58' failed
make[1]: *** [cmTC_60e58] Error 1
make[1]: Leaving directory '/home/fachry/Code/udacity/chase_it/build/CMakeFiles/CMakeTmp'
Makefile:126: recipe for target 'cmTC_60e58/fast' failed
make: *** [cmTC_60e58/fast] Error 2

File /home/fachry/Code/udacity/chase_it/build/CMakeFiles/CMakeTmp/CheckSymbolExists.c:
/* */
#include <pthread.h>

int main(int argc, char** argv)
{
  (void)argv;
#ifndef pthread_create
  return ((int*)(&pthread_create))[argc];
#else
  (void)argc;
  return 0;
#endif
}

Determining if the function pthread_create exists in the pthreads failed with the following output:
Change Dir: /home/fachry/Code/udacity/chase_it/build/CMakeFiles/CMakeTmp

Run Build Command:"/usr/bin/make" "cmTC_52fd7/fast"
/usr/bin/make -f CMakeFiles/cmTC_52fd7.dir/build.make CMakeFiles/cmTC_52fd7.dir/build
make[1]: Entering directory '/home/fachry/Code/udacity/chase_it/build/CMakeFiles/CMakeTmp'
Building C object CMakeFiles/cmTC_52fd7.dir/CheckFunctionExists.c.o
/usr/bin/cc    -DCHECK_FUNCTION_EXISTS=pthread_create   -o CMakeFiles/cmTC_52fd7.dir/CheckFunctionExists.c.o   -c /usr/share/cmake-3.7/Modules/CheckFunctionExists.c
Linking C executable cmTC_52fd7
/usr/bin/cmake -E cmake_link_script CMakeFiles/cmTC_52fd7.dir/link.txt --verbose=1
/usr/bin/cc   -DCHECK_FUNCTION_EXISTS=pthread_create    CMakeFiles/cmTC_52fd7.dir/CheckFunctionExists.c.o  -o cmTC_52fd7 -rdynamic -lpthreads 
/usr/bin/ld: cannot find -lpthreads
collect2: error: ld returned 1 exit status
CMakeFiles/cmTC_52fd7.dir/build.make:97: recipe for target 'cmTC_52fd7' failed
make[1]: *** [cmTC_52fd7] Error 1
make[1]: Leaving directory '/home/fachry/Code/udacity/chase_it/build/CMakeFiles/CMakeTmp'
Makefile:126: recipe for target 'cmTC_52fd7/fast' failed
make: *** [cmTC_52fd7/fast] Error 2


